
8월 28, 2020 09:41:04.30 NEW SESSION
8월 28, 2020 09:41:04.30 [6820:5704:0828/094104.298:ERROR:device_event_log_impl.cc(208)] [09:41:04.299] Bluetooth: bluetooth_adapter_winrt.cc:1074 Getting Default Adapter failed.
8월 28, 2020 13:39:04.33 [7272:4052:0828/133904.332:ERROR:device_event_log_impl.cc(208)] [13:39:04.331] Bluetooth: bluetooth_adapter_winrt.cc:1074 Getting Default Adapter failed.
8월 28, 2020 14:47:55.42 [376:9532:0828/144755.423:ERROR:device_event_log_impl.cc(208)] [14:47:55.423] Bluetooth: bluetooth_adapter_winrt.cc:1074 Getting Default Adapter failed.
8월 28, 2020 16:46:56.82 [7380:10972:0828/164656.821:ERROR:device_event_log_impl.cc(208)] [16:46:56.821] Bluetooth: bluetooth_adapter_winrt.cc:1074 Getting Default Adapter failed.

9월 14, 2020 10:50:06.67 NEW SESSION
9월 14, 2020 10:50:06.67 [4996:11000:0914/105006.673:ERROR:device_event_log_impl.cc(208)] [10:50:06.672] Bluetooth: bluetooth_adapter_winrt.cc:1074 Getting Default Adapter failed.
9월 14, 2020 11:11:26.02 [5036:4612:0914/111126.023:ERROR:device_event_log_impl.cc(208)] [11:11:26.023] Bluetooth: bluetooth_adapter_winrt.cc:1074 Getting Default Adapter failed.
9월 14, 2020 11:20:57.82 [10796:5156:0914/112057.827:ERROR:device_event_log_impl.cc(208)] [11:20:57.827] Bluetooth: bluetooth_adapter_winrt.cc:1074 Getting Default Adapter failed.

9월 15, 2020 09:38:45.45 NEW SESSION
9월 15, 2020 09:38:45.45 [4932:9424:0915/093845.450:ERROR:media_history_store.cc(363)] Failed to create or update the media history store.
9월 15, 2020 09:38:48.84 [4932:3508:0915/093848.846:ERROR:device_event_log_impl.cc(208)] [09:38:48.845] Bluetooth: bluetooth_adapter_winrt.cc:1074 Getting Default Adapter failed.
9월 15, 2020 10:13:58.14 [8064:7868:0915/101358.142:ERROR:media_history_store.cc(363)] Failed to create or update the media history store.
9월 15, 2020 10:14:03.08 [8064:11124:0915/101403.081:ERROR:device_event_log_impl.cc(208)] [10:14:03.082] Bluetooth: bluetooth_adapter_winrt.cc:1074 Getting Default Adapter failed.
9월 15, 2020 10:14:24.53 [2084:7280:0915/101424.534:ERROR:media_history_store.cc(363)] Failed to create or update the media history store.
9월 15, 2020 10:14:52.68 [4840:9580:0915/101452.681:ERROR:media_history_store.cc(363)] Failed to create or update the media history store.
9월 15, 2020 10:15:44.03 [8508:420:0915/101544.029:ERROR:media_history_store.cc(363)] Failed to create or update the media history store.
9월 15, 2020 10:15:52.24 [5880:7740:0915/101552.247:ERROR:media_history_store.cc(363)] Failed to create or update the media history store.
9월 15, 2020 10:15:55.59 [5880:10896:0915/101555.591:ERROR:device_event_log_impl.cc(208)] [10:15:55.591] Bluetooth: bluetooth_adapter_winrt.cc:1074 Getting Default Adapter failed.
9월 15, 2020 10:24:59.79 [4224:10508:0915/102459.796:ERROR:media_history_store.cc(363)] Failed to create or update the media history store.
9월 15, 2020 10:25:01.11 [4224:1000:0915/102501.111:ERROR:device_event_log_impl.cc(208)] [10:25:01.110] Bluetooth: bluetooth_adapter_winrt.cc:1074 Getting Default Adapter failed.
9월 15, 2020 10:33:19.70 [1160:7000:0915/103319.707:ERROR:media_history_store.cc(363)] Failed to create or update the media history store.
9월 15, 2020 10:33:33.25 [1840:2064:0915/103333.254:ERROR:media_history_store.cc(363)] Failed to create or update the media history store.
9월 15, 2020 10:33:38.51 [1840:6328:0915/103338.510:ERROR:device_event_log_impl.cc(208)] [10:33:38.511] Bluetooth: bluetooth_adapter_winrt.cc:1074 Getting Default Adapter failed.
9월 15, 2020 11:28:48.65 [3360:9128:0915/112848.652:ERROR:media_history_store.cc(363)] Failed to create or update the media history store.
9월 15, 2020 11:28:52.10 [3360:8420:0915/112852.109:ERROR:device_event_log_impl.cc(208)] [11:28:52.108] Bluetooth: bluetooth_adapter_winrt.cc:1074 Getting Default Adapter failed.

9월 15, 2020 16:39:38.27 NEW SESSION
9월 15, 2020 16:39:38.27 [4856:7856:0915/163938.272:ERROR:media_history_store.cc(363)] Failed to create or update the media history store.
9월 15, 2020 16:39:49.71 [4856:9880:0915/163949.709:ERROR:device_event_log_impl.cc(208)] [16:39:49.710] Bluetooth: bluetooth_adapter_winrt.cc:1074 Getting Default Adapter failed.
9월 15, 2020 16:54:27.46 [9168:1300:0915/165427.461:ERROR:media_history_store.cc(363)] Failed to create or update the media history store.
9월 15, 2020 16:55:35.21 [2424:7972:0915/165535.216:ERROR:media_history_store.cc(363)] Failed to create or update the media history store.
9월 15, 2020 16:55:40.53 [2424:8608:0915/165540.537:ERROR:device_event_log_impl.cc(208)] [16:55:40.537] Bluetooth: bluetooth_adapter_winrt.cc:1074 Getting Default Adapter failed.

9월 17, 2020 09:25:38.25 NEW SESSION
9월 17, 2020 09:25:38.25 [8876:3808:0917/092538.250:ERROR:media_history_store.cc(363)] Failed to create or update the media history store.
9월 17, 2020 09:25:44.38 [8876:1564:0917/092544.382:ERROR:device_event_log_impl.cc(208)] [09:25:44.382] Bluetooth: bluetooth_adapter_winrt.cc:1074 Getting Default Adapter failed.

9월 21, 2020 09:59:16.87 NEW SESSION
9월 21, 2020 09:59:16.87 [6576:3276:0921/095916.871:ERROR:cache_util_win.cc(21)] Unable to move the cache: 액세스가 거부되었습니다. (0x5)
9월 21, 2020 09:59:16.88 [6576:3276:0921/095916.871:ERROR:cache_util.cc(139)] Unable to move cache folder C:\Users\User\AppData\Local\Google\Chrome\User Data\ShaderCache\GPUCache to C:\Users\User\AppData\Local\Google\Chrome\User Data\ShaderCache\old_GPUCache_000
9월 21, 2020 09:59:16.88 [6576:3276:0921/095916.871:ERROR:disk_cache.cc(184)] Unable to create cache
9월 21, 2020 09:59:16.88 [6576:3276:0921/095916.871:ERROR:shader_disk_cache.cc(606)] Shader Cache Creation failed: -2
9월 21, 2020 09:59:16.91 [8388:10680:0921/095916.918:ERROR:media_history_store.cc(363)] Failed to create or update the media history store.
9월 21, 2020 09:59:17.23 기존 브라우저 세션에서 여는 중입니다.
9월 21, 2020 09:59:22.30 [8388:7052:0921/095922.303:ERROR:device_event_log_impl.cc(208)] [09:59:22.302] Bluetooth: bluetooth_adapter_winrt.cc:1074 Getting Default Adapter failed.

9월 21, 2020 10:30:42.94 NEW SESSION
9월 21, 2020 10:30:42.94 [6280:8332:0921/103042.944:ERROR:media_history_store.cc(363)] Failed to create or update the media history store.
9월 21, 2020 10:30:47.33 [6280:2888:0921/103047.331:ERROR:device_event_log_impl.cc(208)] [10:30:47.333] Bluetooth: bluetooth_adapter_winrt.cc:1074 Getting Default Adapter failed.

9월 22, 2020 11:15:39.98 NEW SESSION
9월 22, 2020 11:15:39.98 [1452:10940:0922/111539.967:ERROR:media_history_store.cc(363)] Failed to create or update the media history store.
9월 22, 2020 11:15:48.12 [1452:9212:0922/111548.123:ERROR:device_event_log_impl.cc(208)] [11:15:48.122] Bluetooth: bluetooth_adapter_winrt.cc:1074 Getting Default Adapter failed.
9월 22, 2020 16:48:48.77 [6360:3208:0922/164848.777:ERROR:media_history_store.cc(363)] Failed to create or update the media history store.
9월 22, 2020 16:48:50.20 [6360:5676:0922/164850.203:ERROR:device_event_log_impl.cc(208)] [16:48:50.203] Bluetooth: bluetooth_adapter_winrt.cc:1074 Getting Default Adapter failed.

9월 24, 2020 16:03:43.31 NEW SESSION
9월 24, 2020 16:03:43.33 [6412:8164:0924/160343.318:ERROR:media_history_store.cc(363)] Failed to create or update the media history store.
9월 24, 2020 16:03:54.72 [6412:1008:0924/160354.725:ERROR:device_event_log_impl.cc(208)] [16:03:54.719] Bluetooth: bluetooth_adapter_winrt.cc:1074 Getting Default Adapter failed.

9월 25, 2020 09:43:28.22 NEW SESSION
9월 25, 2020 09:43:28.22 [1428:3248:0925/094328.221:ERROR:media_history_store.cc(363)] Failed to create or update the media history store.
9월 25, 2020 09:43:36.45 [1428:7120:0925/094336.456:ERROR:device_event_log_impl.cc(208)] [09:43:36.451] Bluetooth: bluetooth_adapter_winrt.cc:1074 Getting Default Adapter failed.

9월 28, 2020 10:08:02.15 NEW SESSION
9월 28, 2020 10:08:02.15 [10700:7032:0928/100802.139:ERROR:media_history_store.cc(363)] Failed to create or update the media history store.
9월 28, 2020 10:08:14.48 [10700:7692:0928/100814.483:ERROR:device_event_log_impl.cc(208)] [10:08:14.484] Bluetooth: bluetooth_adapter_winrt.cc:1074 Getting Default Adapter failed.

9월 29, 2020 11:17:15.93 NEW SESSION
9월 29, 2020 11:17:15.93 [1740:5796:0929/111715.935:ERROR:media_history_store.cc(363)] Failed to create or update the media history store.
9월 29, 2020 11:17:21.26 [1740:11040:0929/111721.266:ERROR:device_event_log_impl.cc(208)] [11:17:21.268] Bluetooth: bluetooth_adapter_winrt.cc:1074 Getting Default Adapter failed.

10월 05, 2020 11:10:34.43 NEW SESSION
10월 05, 2020 11:10:34.43 [1740:2700:1005/111034.435:ERROR:media_history_store.cc(363)] Failed to create or update the media history store.
10월 05, 2020 11:10:48.43 [1740:8920:1005/111048.435:ERROR:device_event_log_impl.cc(208)] [11:10:48.432] Bluetooth: bluetooth_adapter_winrt.cc:1074 Getting Default Adapter failed.

10월 06, 2020 10:39:15.30 NEW SESSION
10월 06, 2020 10:39:15.30 [7788:376:1006/103915.308:ERROR:media_history_store.cc(363)] Failed to create or update the media history store.
10월 06, 2020 10:39:23.97 [7788:528:1006/103923.971:ERROR:device_event_log_impl.cc(208)] [10:39:23.970] Bluetooth: bluetooth_adapter_winrt.cc:1074 Getting Default Adapter failed.

10월 08, 2020 15:46:02.84 NEW SESSION
10월 08, 2020 15:46:02.84 [5744:6012:1008/154602.846:ERROR:media_history_store.cc(363)] Failed to create or update the media history store.
10월 08, 2020 15:50:03.30 [7688:2192:1008/155003.306:ERROR:media_history_store.cc(363)] Failed to create or update the media history store.
10월 08, 2020 15:50:12.79 [7688:7592:1008/155012.791:ERROR:device_event_log_impl.cc(208)] [15:50:12.782] Bluetooth: bluetooth_adapter_winrt.cc:1074 Getting Default Adapter failed.

10월 12, 2020 14:47:36.77 NEW SESSION
10월 12, 2020 14:47:36.77 [1892:7048:1012/144736.773:ERROR:device_event_log_impl.cc(208)] [14:47:36.774] Bluetooth: bluetooth_adapter_winrt.cc:1076 Getting Default Adapter failed.
10월 12, 2020 14:51:28.15 [928:6176:1012/145128.150:ERROR:device_event_log_impl.cc(208)] [14:51:28.150] Bluetooth: bluetooth_adapter_winrt.cc:1076 Getting Default Adapter failed.
10월 12, 2020 15:01:24.78 [1012/150124.784:ERROR:directory_reader_win.cc(43)] FindFirstFile: 지정된 경로를 찾을 수 없습니다. (0x3)
10월 12, 2020 15:27:09.10 [2376:7560:1012/152709.100:ERROR:device_event_log_impl.cc(208)] [15:27:09.100] Bluetooth: bluetooth_adapter_winrt.cc:1076 Getting Default Adapter failed.
10월 12, 2020 15:36:57.70 [1012/153657.703:ERROR:directory_reader_win.cc(43)] FindFirstFile: 지정된 경로를 찾을 수 없습니다. (0x3)

10월 14, 2020 16:43:03.33 NEW SESSION
10월 14, 2020 16:43:03.33 [4948:9172:1014/164303.329:ERROR:device_event_log_impl.cc(208)] [16:43:03.329] Bluetooth: bluetooth_adapter_winrt.cc:1076 Getting Default Adapter failed.
10월 14, 2020 16:46:01.61 [4744:5564:1014/164601.613:ERROR:device_event_log_impl.cc(208)] [16:46:01.602] Bluetooth: bluetooth_adapter_winrt.cc:1076 Getting Default Adapter failed.
10월 14, 2020 16:47:25.48 [2420:3872:1014/164725.483:ERROR:device_event_log_impl.cc(208)] [16:47:25.480] Bluetooth: bluetooth_adapter_winrt.cc:1076 Getting Default Adapter failed.
10월 14, 2020 16:48:03.67 [2852:2720:1014/164803.675:ERROR:device_event_log_impl.cc(208)] [16:48:03.670] Bluetooth: bluetooth_adapter_winrt.cc:1076 Getting Default Adapter failed.

10월 15, 2020 09:48:04.49 NEW SESSION
10월 15, 2020 09:48:04.49 [5156:8936:1015/094804.492:ERROR:device_event_log_impl.cc(208)] [09:48:04.490] Bluetooth: bluetooth_adapter_winrt.cc:1076 Getting Default Adapter failed.
10월 15, 2020 09:57:58.74 [1015/095758.742:ERROR:directory_reader_win.cc(43)] FindFirstFile: 지정된 경로를 찾을 수 없습니다. (0x3)

10월 26, 2020 15:43:49.38 NEW SESSION
10월 26, 2020 15:43:49.38 [2676:5912:1026/154349.380:ERROR:device_event_log_impl.cc(208)] [15:43:49.380] Bluetooth: bluetooth_adapter_winrt.cc:1076 Getting Default Adapter failed.
10월 26, 2020 15:53:40.56 [1026/155340.567:ERROR:directory_reader_win.cc(43)] FindFirstFile: 지정된 경로를 찾을 수 없습니다. (0x3)
10월 26, 2020 16:27:40.94 [9016:6544:1026/162740.939:ERROR:device_event_log_impl.cc(208)] [16:27:40.939] Bluetooth: bluetooth_adapter_winrt.cc:1076 Getting Default Adapter failed.
10월 26, 2020 16:37:35.73 [1026/163735.732:ERROR:directory_reader_win.cc(43)] FindFirstFile: 지정된 경로를 찾을 수 없습니다. (0x3)

10월 27, 2020 10:22:36.56 NEW SESSION
10월 27, 2020 10:22:36.56 [12232:11740:1027/102236.568:ERROR:device_event_log_impl.cc(208)] [10:22:36.556] Bluetooth: bluetooth_adapter_winrt.cc:1076 Getting Default Adapter failed.
10월 27, 2020 10:54:33.82 [8748:10248:1027/105433.827:ERROR:device_event_log_impl.cc(208)] [10:54:33.822] Bluetooth: bluetooth_adapter_winrt.cc:1076 Getting Default Adapter failed.
10월 27, 2020 10:58:48.96 [916:11920:1027/105848.960:ERROR:device_event_log_impl.cc(208)] [10:58:48.960] Bluetooth: bluetooth_adapter_winrt.cc:1076 Getting Default Adapter failed.
10월 27, 2020 11:08:44.50 [1027/110844.508:ERROR:directory_reader_win.cc(43)] FindFirstFile: 지정된 경로를 찾을 수 없습니다. (0x3)
10월 27, 2020 14:25:08.52 [2784:7040:1027/142508.528:ERROR:device_event_log_impl.cc(208)] [14:25:08.525] Bluetooth: bluetooth_adapter_winrt.cc:1076 Getting Default Adapter failed.
10월 27, 2020 14:35:41.36 [9140:3068:1027/143541.362:ERROR:device_event_log_impl.cc(208)] [14:35:41.362] Bluetooth: bluetooth_adapter_winrt.cc:1076 Getting Default Adapter failed.
10월 27, 2020 14:51:57.43 [9376:9380:1027/145157.431:ERROR:device_event_log_impl.cc(208)] [14:51:57.441] Bluetooth: bluetooth_adapter_winrt.cc:1076 Getting Default Adapter failed.
10월 27, 2020 15:01:51.04 [1027/150151.040:ERROR:directory_reader_win.cc(43)] FindFirstFile: 지정된 경로를 찾을 수 없습니다. (0x3)
10월 27, 2020 16:30:59.67 [10312:9492:1027/163059.672:ERROR:device_event_log_impl.cc(208)] [16:30:59.670] Bluetooth: bluetooth_adapter_winrt.cc:1076 Getting Default Adapter failed.
10월 27, 2020 16:34:48.22 [7008:7356:1027/163448.223:ERROR:device_event_log_impl.cc(208)] [16:34:48.222] Bluetooth: bluetooth_adapter_winrt.cc:1076 Getting Default Adapter failed.
10월 27, 2020 16:44:43.78 [1027/164443.783:ERROR:directory_reader_win.cc(43)] FindFirstFile: 지정된 경로를 찾을 수 없습니다. (0x3)
